{"level":"info","time":"2025-05-24T12:46:26-03:00","message":"Iniciando o servidor da API Destack Transport"}
{"level":"info","time":"2025-05-24T12:46:26-03:00","message":"Conectando ao banco de dados PostgreSQL..."}
{"level":"warn","time":"2025-05-24T12:46:26-03:00","message":"Aguardando banco de dados... tentativa 1/30"}
{"level":"info","time":"2025-05-24T12:46:28-03:00","message":"Conectando ao banco de dados PostgreSQL..."}
{"level":"warn","time":"2025-05-24T12:46:28-03:00","message":"Aguardando banco de dados... tentativa 2/30"}
{"level":"info","time":"2025-05-24T12:46:30-03:00","message":"Conectando ao banco de dados PostgreSQL..."}
{"level":"warn","time":"2025-05-24T12:46:30-03:00","message":"Aguardando banco de dados... tentativa 3/30"}
{"level":"info","time":"2025-05-24T12:46:32-03:00","message":"Conectando ao banco de dados PostgreSQL..."}
{"level":"warn","time":"2025-05-24T12:46:32-03:00","message":"Aguardando banco de dados... tentativa 4/30"}
{"level":"info","time":"2025-05-24T12:46:34-03:00","message":"Conectando ao banco de dados PostgreSQL..."}
{"level":"warn","time":"2025-05-24T12:46:34-03:00","message":"Aguardando banco de dados... tentativa 5/30"}
{"level":"info","time":"2025-05-24T12:46:36-03:00","message":"Conectando ao banco de dados PostgreSQL..."}
{"level":"warn","time":"2025-05-24T12:46:36-03:00","message":"Aguardando banco de dados... tentativa 6/30"}
{"level":"info","time":"2025-05-24T12:46:37-03:00","message":"Conectando ao banco de dados PostgreSQL..."}
{"level":"warn","time":"2025-05-24T12:46:37-03:00","message":"Aguardando banco de dados... tentativa 7/30"}
{"level":"info","time":"2025-05-24T12:46:39-03:00","message":"Conectando ao banco de dados PostgreSQL..."}
{"level":"warn","time":"2025-05-24T12:46:39-03:00","message":"Aguardando banco de dados... tentativa 8/30"}
{"level":"info","time":"2025-05-24T12:46:41-03:00","message":"Conectando ao banco de dados PostgreSQL..."}
{"level":"warn","time":"2025-05-24T12:46:41-03:00","message":"Aguardando banco de dados... tentativa 9/30"}
{"level":"info","time":"2025-05-24T12:46:43-03:00","message":"Conectando ao banco de dados PostgreSQL..."}
{"level":"warn","time":"2025-05-24T12:46:43-03:00","message":"Aguardando banco de dados... tentativa 10/30"}
{"level":"info","time":"2025-05-24T12:46:45-03:00","message":"Conectando ao banco de dados PostgreSQL..."}
{"level":"warn","time":"2025-05-24T12:46:45-03:00","message":"Aguardando banco de dados... tentativa 11/30"}
{"level":"info","time":"2025-05-24T12:46:47-03:00","message":"Conectando ao banco de dados PostgreSQL..."}
{"level":"warn","time":"2025-05-24T12:46:47-03:00","message":"Aguardando banco de dados... tentativa 12/30"}
{"level":"info","time":"2025-05-24T12:46:49-03:00","message":"Conectando ao banco de dados PostgreSQL..."}
{"level":"warn","time":"2025-05-24T12:46:49-03:00","message":"Aguardando banco de dados... tentativa 13/30"}
{"level":"info","time":"2025-05-24T12:46:51-03:00","message":"Conectando ao banco de dados PostgreSQL..."}
{"level":"warn","time":"2025-05-24T12:46:51-03:00","message":"Aguardando banco de dados... tentativa 14/30"}
{"level":"info","time":"2025-05-24T12:46:53-03:00","message":"Conectando ao banco de dados PostgreSQL..."}
{"level":"warn","time":"2025-05-24T12:46:53-03:00","message":"Aguardando banco de dados... tentativa 15/30"}
{"level":"info","time":"2025-05-24T12:46:55-03:00","message":"Conectando ao banco de dados PostgreSQL..."}
{"level":"warn","time":"2025-05-24T12:46:55-03:00","message":"Aguardando banco de dados... tentativa 16/30"}
{"level":"info","time":"2025-05-24T12:46:57-03:00","message":"Conectando ao banco de dados PostgreSQL..."}
{"level":"warn","time":"2025-05-24T12:46:57-03:00","message":"Aguardando banco de dados... tentativa 17/30"}
{"level":"info","time":"2025-05-24T12:46:59-03:00","message":"Conectando ao banco de dados PostgreSQL..."}
{"level":"warn","time":"2025-05-24T12:46:59-03:00","message":"Aguardando banco de dados... tentativa 18/30"}
{"level":"info","time":"2025-05-24T12:47:01-03:00","message":"Conectando ao banco de dados PostgreSQL..."}
{"level":"warn","time":"2025-05-24T12:47:01-03:00","message":"Aguardando banco de dados... tentativa 19/30"}
{"level":"info","time":"2025-05-24T12:47:03-03:00","message":"Conectando ao banco de dados PostgreSQL..."}
{"level":"warn","time":"2025-05-24T12:47:03-03:00","message":"Aguardando banco de dados... tentativa 20/30"}
{"level":"info","time":"2025-05-24T12:47:05-03:00","message":"Conectando ao banco de dados PostgreSQL..."}
{"level":"warn","time":"2025-05-24T12:47:05-03:00","message":"Aguardando banco de dados... tentativa 21/30"}
{"level":"info","time":"2025-05-24T12:47:06-03:00","message":"Conectando ao banco de dados PostgreSQL..."}
{"level":"warn","time":"2025-05-24T12:47:06-03:00","message":"Aguardando banco de dados... tentativa 22/30"}
{"level":"info","time":"2025-05-24T12:47:08-03:00","message":"Conectando ao banco de dados PostgreSQL..."}
{"level":"warn","time":"2025-05-24T12:47:08-03:00","message":"Aguardando banco de dados... tentativa 23/30"}
{"level":"info","time":"2025-05-24T12:47:10-03:00","message":"Conectando ao banco de dados PostgreSQL..."}
{"level":"warn","time":"2025-05-24T12:47:10-03:00","message":"Aguardando banco de dados... tentativa 24/30"}
{"level":"info","time":"2025-05-24T12:47:12-03:00","message":"Conectando ao banco de dados PostgreSQL..."}
{"level":"warn","time":"2025-05-24T12:47:12-03:00","message":"Aguardando banco de dados... tentativa 25/30"}
{"level":"info","time":"2025-05-24T12:47:14-03:00","message":"Conectando ao banco de dados PostgreSQL..."}
{"level":"warn","time":"2025-05-24T12:47:14-03:00","message":"Aguardando banco de dados... tentativa 26/30"}
{"level":"info","time":"2025-05-24T12:47:16-03:00","message":"Conectando ao banco de dados PostgreSQL..."}
{"level":"warn","time":"2025-05-24T12:47:16-03:00","message":"Aguardando banco de dados... tentativa 27/30"}
{"level":"info","time":"2025-05-24T12:47:18-03:00","message":"Conectando ao banco de dados PostgreSQL..."}
{"level":"warn","time":"2025-05-24T12:47:18-03:00","message":"Aguardando banco de dados... tentativa 28/30"}
{"level":"info","time":"2025-05-24T12:47:20-03:00","message":"Conectando ao banco de dados PostgreSQL..."}
{"level":"warn","time":"2025-05-24T12:47:20-03:00","message":"Aguardando banco de dados... tentativa 29/30"}
{"level":"info","time":"2025-05-24T12:47:22-03:00","message":"Conectando ao banco de dados PostgreSQL..."}
{"level":"warn","time":"2025-05-24T12:47:22-03:00","message":"Aguardando banco de dados... tentativa 30/30"}
{"level":"fatal","time":"2025-05-24T12:47:24-03:00","message":"Tempo limite excedido aguardando o banco de dados"}
{"level":"info","time":"2025-05-24T12:47:25-03:00","message":"Iniciando o servidor da API Destack Transport"}
{"level":"info","time":"2025-05-24T12:47:25-03:00","message":"Conectando ao banco de dados PostgreSQL..."}
{"level":"warn","time":"2025-05-24T12:47:25-03:00","message":"Aguardando banco de dados... tentativa 1/30"}
{"level":"info","time":"2025-05-24T12:47:27-03:00","message":"Conectando ao banco de dados PostgreSQL..."}
{"level":"warn","time":"2025-05-24T12:47:27-03:00","message":"Aguardando banco de dados... tentativa 2/30"}
{"level":"info","time":"2025-05-24T12:47:29-03:00","message":"Conectando ao banco de dados PostgreSQL..."}
{"level":"warn","time":"2025-05-24T12:47:29-03:00","message":"Aguardando banco de dados... tentativa 3/30"}
{"level":"info","time":"2025-05-24T12:47:31-03:00","message":"Conectando ao banco de dados PostgreSQL..."}
{"level":"warn","time":"2025-05-24T12:47:31-03:00","message":"Aguardando banco de dados... tentativa 4/30"}
{"level":"info","time":"2025-05-24T12:47:33-03:00","message":"Conectando ao banco de dados PostgreSQL..."}
{"level":"warn","time":"2025-05-24T12:47:33-03:00","message":"Aguardando banco de dados... tentativa 5/30"}
{"level":"info","time":"2025-05-24T12:47:35-03:00","message":"Conectando ao banco de dados PostgreSQL..."}
{"level":"warn","time":"2025-05-24T12:47:35-03:00","message":"Aguardando banco de dados... tentativa 6/30"}
{"level":"info","time":"2025-05-24T12:47:37-03:00","message":"Conectando ao banco de dados PostgreSQL..."}
{"level":"warn","time":"2025-05-24T12:47:37-03:00","message":"Aguardando banco de dados... tentativa 7/30"}
{"level":"info","time":"2025-05-24T12:47:39-03:00","message":"Conectando ao banco de dados PostgreSQL..."}
{"level":"warn","time":"2025-05-24T12:47:39-03:00","message":"Aguardando banco de dados... tentativa 8/30"}
{"level":"info","time":"2025-05-24T12:47:41-03:00","message":"Conectando ao banco de dados PostgreSQL..."}
{"level":"warn","time":"2025-05-24T12:47:41-03:00","message":"Aguardando banco de dados... tentativa 9/30"}
{"level":"info","time":"2025-05-24T12:47:43-03:00","message":"Conectando ao banco de dados PostgreSQL..."}
{"level":"warn","time":"2025-05-24T12:47:43-03:00","message":"Aguardando banco de dados... tentativa 10/30"}
{"level":"info","time":"2025-05-24T12:47:45-03:00","message":"Conectando ao banco de dados PostgreSQL..."}
{"level":"warn","time":"2025-05-24T12:47:45-03:00","message":"Aguardando banco de dados... tentativa 11/30"}
{"level":"info","time":"2025-05-24T12:47:47-03:00","message":"Conectando ao banco de dados PostgreSQL..."}
{"level":"warn","time":"2025-05-24T12:47:47-03:00","message":"Aguardando banco de dados... tentativa 12/30"}
{"level":"info","time":"2025-05-24T12:47:49-03:00","message":"Conectando ao banco de dados PostgreSQL..."}
{"level":"warn","time":"2025-05-24T12:47:49-03:00","message":"Aguardando banco de dados... tentativa 13/30"}
{"level":"info","time":"2025-05-24T12:47:51-03:00","message":"Conectando ao banco de dados PostgreSQL..."}
{"level":"warn","time":"2025-05-24T12:47:51-03:00","message":"Aguardando banco de dados... tentativa 14/30"}
{"level":"info","time":"2025-05-24T12:47:53-03:00","message":"Conectando ao banco de dados PostgreSQL..."}
{"level":"warn","time":"2025-05-24T12:47:53-03:00","message":"Aguardando banco de dados... tentativa 15/30"}
{"level":"info","time":"2025-05-24T12:47:55-03:00","message":"Conectando ao banco de dados PostgreSQL..."}
{"level":"warn","time":"2025-05-24T12:47:55-03:00","message":"Aguardando banco de dados... tentativa 16/30"}
{"level":"info","time":"2025-05-24T12:47:57-03:00","message":"Conectando ao banco de dados PostgreSQL..."}
{"level":"warn","time":"2025-05-24T12:47:57-03:00","message":"Aguardando banco de dados... tentativa 17/30"}
{"level":"info","time":"2025-05-24T12:47:59-03:00","message":"Conectando ao banco de dados PostgreSQL..."}
{"level":"warn","time":"2025-05-24T12:47:59-03:00","message":"Aguardando banco de dados... tentativa 18/30"}
{"level":"info","time":"2025-05-24T12:48:01-03:00","message":"Conectando ao banco de dados PostgreSQL..."}
{"level":"warn","time":"2025-05-24T12:48:01-03:00","message":"Aguardando banco de dados... tentativa 19/30"}
{"level":"info","time":"2025-05-24T12:48:03-03:00","message":"Conectando ao banco de dados PostgreSQL..."}
{"level":"warn","time":"2025-05-24T12:48:03-03:00","message":"Aguardando banco de dados... tentativa 20/30"}
{"level":"info","time":"2025-05-24T12:48:04-03:00","message":"Conectando ao banco de dados PostgreSQL..."}
{"level":"warn","time":"2025-05-24T12:48:04-03:00","message":"Aguardando banco de dados... tentativa 21/30"}
{"level":"info","time":"2025-05-24T12:48:06-03:00","message":"Conectando ao banco de dados PostgreSQL..."}
{"level":"warn","time":"2025-05-24T12:48:06-03:00","message":"Aguardando banco de dados... tentativa 22/30"}
{"level":"info","time":"2025-05-24T12:48:08-03:00","message":"Conectando ao banco de dados PostgreSQL..."}
{"level":"warn","time":"2025-05-24T12:48:08-03:00","message":"Aguardando banco de dados... tentativa 23/30"}
{"level":"info","time":"2025-05-24T12:48:10-03:00","message":"Conectando ao banco de dados PostgreSQL..."}
{"level":"warn","time":"2025-05-24T12:48:10-03:00","message":"Aguardando banco de dados... tentativa 24/30"}
{"level":"info","time":"2025-05-24T12:48:12-03:00","message":"Conectando ao banco de dados PostgreSQL..."}
{"level":"warn","time":"2025-05-24T12:48:12-03:00","message":"Aguardando banco de dados... tentativa 25/30"}
{"level":"info","time":"2025-05-24T12:48:14-03:00","message":"Conectando ao banco de dados PostgreSQL..."}
{"level":"warn","time":"2025-05-24T12:48:14-03:00","message":"Aguardando banco de dados... tentativa 26/30"}
{"level":"info","time":"2025-05-24T12:48:16-03:00","message":"Conectando ao banco de dados PostgreSQL..."}
{"level":"warn","time":"2025-05-24T12:48:16-03:00","message":"Aguardando banco de dados... tentativa 27/30"}
{"level":"info","time":"2025-05-24T12:48:18-03:00","message":"Conectando ao banco de dados PostgreSQL..."}
{"level":"warn","time":"2025-05-24T12:48:18-03:00","message":"Aguardando banco de dados... tentativa 28/30"}
{"level":"info","time":"2025-05-24T12:48:20-03:00","message":"Conectando ao banco de dados PostgreSQL..."}
{"level":"warn","time":"2025-05-24T12:48:20-03:00","message":"Aguardando banco de dados... tentativa 29/30"}
{"level":"info","time":"2025-05-24T12:48:22-03:00","message":"Conectando ao banco de dados PostgreSQL..."}
{"level":"warn","time":"2025-05-24T12:48:22-03:00","message":"Aguardando banco de dados... tentativa 30/30"}
{"level":"fatal","time":"2025-05-24T12:48:24-03:00","message":"Tempo limite excedido aguardando o banco de dados"}
{"level":"info","time":"2025-05-24T12:48:25-03:00","message":"Iniciando o servidor da API Destack Transport"}
{"level":"info","time":"2025-05-24T12:48:25-03:00","message":"Conectando ao banco de dados PostgreSQL..."}
{"level":"warn","time":"2025-05-24T12:48:25-03:00","message":"Aguardando banco de dados... tentativa 1/30"}
{"level":"info","time":"2025-05-24T12:48:27-03:00","message":"Conectando ao banco de dados PostgreSQL..."}
{"level":"warn","time":"2025-05-24T12:48:27-03:00","message":"Aguardando banco de dados... tentativa 2/30"}
{"level":"info","time":"2025-05-24T12:48:29-03:00","message":"Conectando ao banco de dados PostgreSQL..."}
{"level":"warn","time":"2025-05-24T12:48:29-03:00","message":"Aguardando banco de dados... tentativa 3/30"}
{"level":"info","time":"2025-05-24T12:48:31-03:00","message":"Conectando ao banco de dados PostgreSQL..."}
{"level":"warn","time":"2025-05-24T12:48:31-03:00","message":"Aguardando banco de dados... tentativa 4/30"}
{"level":"info","time":"2025-05-24T12:48:33-03:00","message":"Conectando ao banco de dados PostgreSQL..."}
{"level":"warn","time":"2025-05-24T12:48:33-03:00","message":"Aguardando banco de dados... tentativa 5/30"}
{"level":"info","time":"2025-05-24T12:48:34-03:00","message":"Conectando ao banco de dados PostgreSQL..."}
{"level":"warn","time":"2025-05-24T12:48:34-03:00","message":"Aguardando banco de dados... tentativa 6/30"}
{"level":"info","time":"2025-05-24T12:48:36-03:00","message":"Conectando ao banco de dados PostgreSQL..."}
{"level":"warn","time":"2025-05-24T12:48:36-03:00","message":"Aguardando banco de dados... tentativa 7/30"}
{"level":"info","time":"2025-05-24T12:48:38-03:00","message":"Conectando ao banco de dados PostgreSQL..."}
{"level":"warn","time":"2025-05-24T12:48:39-03:00","message":"Aguardando banco de dados... tentativa 8/30"}
{"level":"info","time":"2025-05-24T12:48:41-03:00","message":"Conectando ao banco de dados PostgreSQL..."}
{"level":"warn","time":"2025-05-24T12:48:41-03:00","message":"Aguardando banco de dados... tentativa 9/30"}
{"level":"info","time":"2025-05-24T12:48:43-03:00","message":"Conectando ao banco de dados PostgreSQL..."}
{"level":"warn","time":"2025-05-24T12:48:43-03:00","message":"Aguardando banco de dados... tentativa 10/30"}
{"level":"info","time":"2025-05-24T12:48:45-03:00","message":"Conectando ao banco de dados PostgreSQL..."}
{"level":"warn","time":"2025-05-24T12:48:45-03:00","message":"Aguardando banco de dados... tentativa 11/30"}
{"level":"info","time":"2025-05-24T12:48:47-03:00","message":"Conectando ao banco de dados PostgreSQL..."}
{"level":"warn","time":"2025-05-24T12:48:47-03:00","message":"Aguardando banco de dados... tentativa 12/30"}
{"level":"info","time":"2025-05-24T12:48:49-03:00","message":"Conectando ao banco de dados PostgreSQL..."}
{"level":"warn","time":"2025-05-24T12:48:49-03:00","message":"Aguardando banco de dados... tentativa 13/30"}
{"level":"info","time":"2025-05-24T12:48:51-03:00","message":"Conectando ao banco de dados PostgreSQL..."}
{"level":"warn","time":"2025-05-24T12:48:51-03:00","message":"Aguardando banco de dados... tentativa 14/30"}
{"level":"info","time":"2025-05-24T12:48:53-03:00","message":"Conectando ao banco de dados PostgreSQL..."}
{"level":"warn","time":"2025-05-24T12:48:53-03:00","message":"Aguardando banco de dados... tentativa 15/30"}
{"level":"info","time":"2025-05-24T12:48:55-03:00","message":"Conectando ao banco de dados PostgreSQL..."}
{"level":"warn","time":"2025-05-24T12:48:55-03:00","message":"Aguardando banco de dados... tentativa 16/30"}
{"level":"info","time":"2025-05-24T12:48:57-03:00","message":"Conectando ao banco de dados PostgreSQL..."}
{"level":"warn","time":"2025-05-24T12:48:57-03:00","message":"Aguardando banco de dados... tentativa 17/30"}
{"level":"info","time":"2025-05-24T12:48:59-03:00","message":"Conectando ao banco de dados PostgreSQL..."}
{"level":"warn","time":"2025-05-24T12:48:59-03:00","message":"Aguardando banco de dados... tentativa 18/30"}
{"level":"info","time":"2025-05-24T12:49:01-03:00","message":"Conectando ao banco de dados PostgreSQL..."}
{"level":"warn","time":"2025-05-24T12:49:01-03:00","message":"Aguardando banco de dados... tentativa 19/30"}
{"level":"info","time":"2025-05-24T12:49:02-03:00","message":"Conectando ao banco de dados PostgreSQL..."}
{"level":"warn","time":"2025-05-24T12:49:02-03:00","message":"Aguardando banco de dados... tentativa 20/30"}
{"level":"info","time":"2025-05-24T12:49:04-03:00","message":"Conectando ao banco de dados PostgreSQL..."}
{"level":"warn","time":"2025-05-24T12:49:04-03:00","message":"Aguardando banco de dados... tentativa 21/30"}
{"level":"info","time":"2025-05-24T12:49:06-03:00","message":"Conectando ao banco de dados PostgreSQL..."}
{"level":"warn","time":"2025-05-24T12:49:06-03:00","message":"Aguardando banco de dados... tentativa 22/30"}
{"level":"info","time":"2025-05-24T12:49:08-03:00","message":"Conectando ao banco de dados PostgreSQL..."}
{"level":"warn","time":"2025-05-24T12:49:08-03:00","message":"Aguardando banco de dados... tentativa 23/30"}
{"level":"info","time":"2025-05-24T12:49:10-03:00","message":"Conectando ao banco de dados PostgreSQL..."}
{"level":"warn","time":"2025-05-24T12:49:10-03:00","message":"Aguardando banco de dados... tentativa 24/30"}
{"level":"info","time":"2025-05-24T12:49:12-03:00","message":"Conectando ao banco de dados PostgreSQL..."}
{"level":"warn","time":"2025-05-24T12:49:12-03:00","message":"Aguardando banco de dados... tentativa 25/30"}
{"level":"info","time":"2025-05-24T12:49:14-03:00","message":"Conectando ao banco de dados PostgreSQL..."}
{"level":"warn","time":"2025-05-24T12:49:14-03:00","message":"Aguardando banco de dados... tentativa 26/30"}
{"level":"info","time":"2025-05-24T12:49:16-03:00","message":"Conectando ao banco de dados PostgreSQL..."}
{"level":"warn","time":"2025-05-24T12:49:16-03:00","message":"Aguardando banco de dados... tentativa 27/30"}
{"level":"info","time":"2025-05-24T12:49:18-03:00","message":"Conectando ao banco de dados PostgreSQL..."}
{"level":"warn","time":"2025-05-24T12:49:18-03:00","message":"Aguardando banco de dados... tentativa 28/30"}
{"level":"info","time":"2025-05-24T12:49:20-03:00","message":"Conectando ao banco de dados PostgreSQL..."}
{"level":"warn","time":"2025-05-24T12:49:20-03:00","message":"Aguardando banco de dados... tentativa 29/30"}
{"level":"info","time":"2025-05-24T12:49:23-03:00","message":"Conectando ao banco de dados PostgreSQL..."}
{"level":"warn","time":"2025-05-24T12:49:23-03:00","message":"Aguardando banco de dados... tentativa 30/30"}
{"level":"fatal","time":"2025-05-24T12:49:25-03:00","message":"Tempo limite excedido aguardando o banco de dados"}
{"level":"info","time":"2025-05-24T12:49:27-03:00","message":"Iniciando o servidor da API Destack Transport"}
{"level":"info","time":"2025-05-24T12:49:27-03:00","message":"Conectando ao banco de dados PostgreSQL..."}
{"level":"warn","time":"2025-05-24T12:49:27-03:00","message":"Aguardando banco de dados... tentativa 1/30"}
{"level":"info","time":"2025-05-24T12:49:29-03:00","message":"Conectando ao banco de dados PostgreSQL..."}
{"level":"warn","time":"2025-05-24T12:49:29-03:00","message":"Aguardando banco de dados... tentativa 2/30"}
{"level":"info","time":"2025-05-24T12:49:31-03:00","message":"Conectando ao banco de dados PostgreSQL..."}
{"level":"warn","time":"2025-05-24T12:49:31-03:00","message":"Aguardando banco de dados... tentativa 3/30"}
{"level":"info","time":"2025-05-24T12:49:32-03:00","message":"Conectando ao banco de dados PostgreSQL..."}
{"level":"warn","time":"2025-05-24T12:49:32-03:00","message":"Aguardando banco de dados... tentativa 4/30"}
{"level":"info","time":"2025-05-24T12:49:34-03:00","message":"Conectando ao banco de dados PostgreSQL..."}
{"level":"warn","time":"2025-05-24T12:49:34-03:00","message":"Aguardando banco de dados... tentativa 5/30"}
{"level":"info","time":"2025-05-24T12:49:36-03:00","message":"Conectando ao banco de dados PostgreSQL..."}
{"level":"warn","time":"2025-05-24T12:49:36-03:00","message":"Aguardando banco de dados... tentativa 6/30"}
{"level":"info","time":"2025-05-24T12:49:38-03:00","message":"Conectando ao banco de dados PostgreSQL..."}
{"level":"warn","time":"2025-05-24T12:49:38-03:00","message":"Aguardando banco de dados... tentativa 7/30"}
{"level":"info","time":"2025-05-24T12:49:40-03:00","message":"Conectando ao banco de dados PostgreSQL..."}
{"level":"warn","time":"2025-05-24T12:49:40-03:00","message":"Aguardando banco de dados... tentativa 8/30"}
{"level":"info","time":"2025-05-24T12:49:42-03:00","message":"Conectando ao banco de dados PostgreSQL..."}
{"level":"warn","time":"2025-05-24T12:49:42-03:00","message":"Aguardando banco de dados... tentativa 9/30"}
{"level":"info","time":"2025-05-24T12:49:44-03:00","message":"Conectando ao banco de dados PostgreSQL..."}
{"level":"warn","time":"2025-05-24T12:49:44-03:00","message":"Aguardando banco de dados... tentativa 10/30"}
{"level":"info","time":"2025-05-24T12:49:46-03:00","message":"Conectando ao banco de dados PostgreSQL..."}
{"level":"warn","time":"2025-05-24T12:49:46-03:00","message":"Aguardando banco de dados... tentativa 11/30"}
{"level":"info","time":"2025-05-24T12:49:48-03:00","message":"Conectando ao banco de dados PostgreSQL..."}
{"level":"warn","time":"2025-05-24T12:49:48-03:00","message":"Aguardando banco de dados... tentativa 12/30"}
{"level":"info","time":"2025-05-24T12:49:50-03:00","message":"Conectando ao banco de dados PostgreSQL..."}
{"level":"warn","time":"2025-05-24T12:49:50-03:00","message":"Aguardando banco de dados... tentativa 13/30"}
{"level":"info","time":"2025-05-24T12:49:52-03:00","message":"Conectando ao banco de dados PostgreSQL..."}
{"level":"warn","time":"2025-05-24T12:49:52-03:00","message":"Aguardando banco de dados... tentativa 14/30"}
{"level":"info","time":"2025-05-24T12:49:54-03:00","message":"Conectando ao banco de dados PostgreSQL..."}
{"level":"warn","time":"2025-05-24T12:49:54-03:00","message":"Aguardando banco de dados... tentativa 15/30"}
{"level":"info","time":"2025-05-24T12:49:56-03:00","message":"Conectando ao banco de dados PostgreSQL..."}
{"level":"warn","time":"2025-05-24T12:49:56-03:00","message":"Aguardando banco de dados... tentativa 16/30"}
{"level":"info","time":"2025-05-24T12:49:58-03:00","message":"Conectando ao banco de dados PostgreSQL..."}
{"level":"warn","time":"2025-05-24T12:49:58-03:00","message":"Aguardando banco de dados... tentativa 17/30"}
{"level":"info","time":"2025-05-24T12:50:00-03:00","message":"Conectando ao banco de dados PostgreSQL..."}
{"level":"warn","time":"2025-05-24T12:50:00-03:00","message":"Aguardando banco de dados... tentativa 18/30"}
{"level":"info","time":"2025-05-24T12:50:01-03:00","message":"Conectando ao banco de dados PostgreSQL..."}
{"level":"warn","time":"2025-05-24T12:50:01-03:00","message":"Aguardando banco de dados... tentativa 19/30"}
{"level":"info","time":"2025-05-24T12:50:03-03:00","message":"Conectando ao banco de dados PostgreSQL..."}
{"level":"warn","time":"2025-05-24T12:50:03-03:00","message":"Aguardando banco de dados... tentativa 20/30"}
{"level":"info","time":"2025-05-24T12:50:05-03:00","message":"Conectando ao banco de dados PostgreSQL..."}
{"level":"warn","time":"2025-05-24T12:50:05-03:00","message":"Aguardando banco de dados... tentativa 21/30"}
{"level":"info","time":"2025-05-24T12:50:07-03:00","message":"Conectando ao banco de dados PostgreSQL..."}
{"level":"warn","time":"2025-05-24T12:50:07-03:00","message":"Aguardando banco de dados... tentativa 22/30"}
{"level":"info","time":"2025-05-24T12:50:09-03:00","message":"Conectando ao banco de dados PostgreSQL..."}
{"level":"warn","time":"2025-05-24T12:50:09-03:00","message":"Aguardando banco de dados... tentativa 23/30"}
{"level":"info","time":"2025-05-24T12:50:11-03:00","message":"Conectando ao banco de dados PostgreSQL..."}
{"level":"warn","time":"2025-05-24T12:50:11-03:00","message":"Aguardando banco de dados... tentativa 24/30"}
{"level":"info","time":"2025-05-24T12:50:13-03:00","message":"Conectando ao banco de dados PostgreSQL..."}
{"level":"warn","time":"2025-05-24T12:50:13-03:00","message":"Aguardando banco de dados... tentativa 25/30"}
{"level":"info","time":"2025-05-24T12:50:15-03:00","message":"Conectando ao banco de dados PostgreSQL..."}
{"level":"warn","time":"2025-05-24T12:50:16-03:00","message":"Aguardando banco de dados... tentativa 26/30"}
{"level":"info","time":"2025-05-24T12:50:18-03:00","message":"Conectando ao banco de dados PostgreSQL..."}
{"level":"warn","time":"2025-05-24T12:50:18-03:00","message":"Aguardando banco de dados... tentativa 27/30"}
{"level":"info","time":"2025-05-24T12:50:20-03:00","message":"Conectando ao banco de dados PostgreSQL..."}
{"level":"warn","time":"2025-05-24T12:50:20-03:00","message":"Aguardando banco de dados... tentativa 28/30"}
{"level":"info","time":"2025-05-24T12:50:22-03:00","message":"Conectando ao banco de dados PostgreSQL..."}
{"level":"warn","time":"2025-05-24T12:50:22-03:00","message":"Aguardando banco de dados... tentativa 29/30"}
{"level":"info","time":"2025-05-24T12:50:24-03:00","message":"Conectando ao banco de dados PostgreSQL..."}
{"level":"warn","time":"2025-05-24T12:50:24-03:00","message":"Aguardando banco de dados... tentativa 30/30"}
{"level":"fatal","time":"2025-05-24T12:50:26-03:00","message":"Tempo limite excedido aguardando o banco de dados"}
{"level":"info","time":"2025-05-24T12:50:27-03:00","message":"Iniciando o servidor da API Destack Transport"}
{"level":"info","time":"2025-05-24T12:50:27-03:00","message":"Conectando ao banco de dados PostgreSQL..."}
{"level":"warn","time":"2025-05-24T12:50:27-03:00","message":"Aguardando banco de dados... tentativa 1/30"}
{"level":"info","time":"2025-05-24T12:50:29-03:00","message":"Conectando ao banco de dados PostgreSQL..."}
{"level":"warn","time":"2025-05-24T12:50:29-03:00","message":"Aguardando banco de dados... tentativa 2/30"}
{"level":"info","time":"2025-05-24T12:50:31-03:00","message":"Conectando ao banco de dados PostgreSQL..."}
{"level":"warn","time":"2025-05-24T12:50:31-03:00","message":"Aguardando banco de dados... tentativa 3/30"}
{"level":"info","time":"2025-05-24T12:50:33-03:00","message":"Conectando ao banco de dados PostgreSQL..."}
{"level":"warn","time":"2025-05-24T12:50:33-03:00","message":"Aguardando banco de dados... tentativa 4/30"}
{"level":"info","time":"2025-05-24T12:50:35-03:00","message":"Conectando ao banco de dados PostgreSQL..."}
{"level":"warn","time":"2025-05-24T12:50:35-03:00","message":"Aguardando banco de dados... tentativa 5/30"}
{"level":"info","time":"2025-05-24T12:50:37-03:00","message":"Conectando ao banco de dados PostgreSQL..."}
{"level":"warn","time":"2025-05-24T12:50:37-03:00","message":"Aguardando banco de dados... tentativa 6/30"}
{"level":"info","time":"2025-05-24T12:50:39-03:00","message":"Conectando ao banco de dados PostgreSQL..."}
{"level":"warn","time":"2025-05-24T12:50:39-03:00","message":"Aguardando banco de dados... tentativa 7/30"}
{"level":"info","time":"2025-05-24T12:50:41-03:00","message":"Conectando ao banco de dados PostgreSQL..."}
{"level":"warn","time":"2025-05-24T12:50:41-03:00","message":"Aguardando banco de dados... tentativa 8/30"}
{"level":"info","time":"2025-05-24T12:50:43-03:00","message":"Conectando ao banco de dados PostgreSQL..."}
{"level":"warn","time":"2025-05-24T12:50:43-03:00","message":"Aguardando banco de dados... tentativa 9/30"}
{"level":"info","time":"2025-05-24T12:50:45-03:00","message":"Conectando ao banco de dados PostgreSQL..."}
{"level":"warn","time":"2025-05-24T12:50:45-03:00","message":"Aguardando banco de dados... tentativa 10/30"}
{"level":"info","time":"2025-05-24T12:50:47-03:00","message":"Conectando ao banco de dados PostgreSQL..."}
{"level":"warn","time":"2025-05-24T12:50:47-03:00","message":"Aguardando banco de dados... tentativa 11/30"}
{"level":"info","time":"2025-05-24T12:50:49-03:00","message":"Conectando ao banco de dados PostgreSQL..."}
{"level":"warn","time":"2025-05-24T12:50:49-03:00","message":"Aguardando banco de dados... tentativa 12/30"}
{"level":"info","time":"2025-05-24T12:50:51-03:00","message":"Conectando ao banco de dados PostgreSQL..."}
{"level":"warn","time":"2025-05-24T12:50:51-03:00","message":"Aguardando banco de dados... tentativa 13/30"}
{"level":"info","time":"2025-05-24T12:50:53-03:00","message":"Conectando ao banco de dados PostgreSQL..."}
{"level":"warn","time":"2025-05-24T12:50:53-03:00","message":"Aguardando banco de dados... tentativa 14/30"}
{"level":"info","time":"2025-05-24T12:50:55-03:00","message":"Conectando ao banco de dados PostgreSQL..."}
{"level":"warn","time":"2025-05-24T12:50:55-03:00","message":"Aguardando banco de dados... tentativa 15/30"}
{"level":"info","time":"2025-05-24T12:50:57-03:00","message":"Conectando ao banco de dados PostgreSQL..."}
{"level":"warn","time":"2025-05-24T12:50:57-03:00","message":"Aguardando banco de dados... tentativa 16/30"}
{"level":"info","time":"2025-05-24T12:50:59-03:00","message":"Conectando ao banco de dados PostgreSQL..."}
{"level":"warn","time":"2025-05-24T12:50:59-03:00","message":"Aguardando banco de dados... tentativa 17/30"}
{"level":"info","time":"2025-05-24T12:51:00-03:00","message":"Conectando ao banco de dados PostgreSQL..."}
{"level":"warn","time":"2025-05-24T12:51:00-03:00","message":"Aguardando banco de dados... tentativa 18/30"}
{"level":"info","time":"2025-05-24T12:51:02-03:00","message":"Conectando ao banco de dados PostgreSQL..."}
{"level":"warn","time":"2025-05-24T12:51:02-03:00","message":"Aguardando banco de dados... tentativa 19/30"}
{"level":"info","time":"2025-05-24T12:51:04-03:00","message":"Conectando ao banco de dados PostgreSQL..."}
{"level":"warn","time":"2025-05-24T12:51:04-03:00","message":"Aguardando banco de dados... tentativa 20/30"}
{"level":"info","time":"2025-05-24T12:51:06-03:00","message":"Conectando ao banco de dados PostgreSQL..."}
{"level":"warn","time":"2025-05-24T12:51:06-03:00","message":"Aguardando banco de dados... tentativa 21/30"}
{"level":"info","time":"2025-05-24T12:51:08-03:00","message":"Conectando ao banco de dados PostgreSQL..."}
{"level":"warn","time":"2025-05-24T12:51:08-03:00","message":"Aguardando banco de dados... tentativa 22/30"}
{"level":"info","time":"2025-05-24T12:51:10-03:00","message":"Conectando ao banco de dados PostgreSQL..."}
{"level":"warn","time":"2025-05-24T12:51:10-03:00","message":"Aguardando banco de dados... tentativa 23/30"}
{"level":"info","time":"2025-05-24T12:51:12-03:00","message":"Conectando ao banco de dados PostgreSQL..."}
{"level":"warn","time":"2025-05-24T12:51:12-03:00","message":"Aguardando banco de dados... tentativa 24/30"}
{"level":"info","time":"2025-05-24T12:51:14-03:00","message":"Conectando ao banco de dados PostgreSQL..."}
{"level":"warn","time":"2025-05-24T12:51:14-03:00","message":"Aguardando banco de dados... tentativa 25/30"}
{"level":"info","time":"2025-05-24T12:51:16-03:00","message":"Conectando ao banco de dados PostgreSQL..."}
{"level":"warn","time":"2025-05-24T12:51:16-03:00","message":"Aguardando banco de dados... tentativa 26/30"}
{"level":"info","time":"2025-05-24T12:51:18-03:00","message":"Conectando ao banco de dados PostgreSQL..."}
{"level":"warn","time":"2025-05-24T12:51:18-03:00","message":"Aguardando banco de dados... tentativa 27/30"}
{"level":"info","time":"2025-05-24T12:51:20-03:00","message":"Conectando ao banco de dados PostgreSQL..."}
{"level":"warn","time":"2025-05-24T12:51:20-03:00","message":"Aguardando banco de dados... tentativa 28/30"}
{"level":"info","time":"2025-05-24T12:51:22-03:00","message":"Conectando ao banco de dados PostgreSQL..."}
{"level":"warn","time":"2025-05-24T12:51:22-03:00","message":"Aguardando banco de dados... tentativa 29/30"}
{"level":"info","time":"2025-05-24T12:51:24-03:00","message":"Conectando ao banco de dados PostgreSQL..."}
{"level":"warn","time":"2025-05-24T12:51:24-03:00","message":"Aguardando banco de dados... tentativa 30/30"}
{"level":"fatal","time":"2025-05-24T12:51:26-03:00","message":"Tempo limite excedido aguardando o banco de dados"}
{"level":"info","time":"2025-05-24T12:51:28-03:00","message":"Iniciando o servidor da API Destack Transport"}
{"level":"info","time":"2025-05-24T12:51:28-03:00","message":"Conectando ao banco de dados PostgreSQL..."}
{"level":"warn","time":"2025-05-24T12:51:28-03:00","message":"Aguardando banco de dados... tentativa 1/30"}
{"level":"info","time":"2025-05-24T12:51:30-03:00","message":"Conectando ao banco de dados PostgreSQL..."}
{"level":"warn","time":"2025-05-24T12:51:31-03:00","message":"Aguardando banco de dados... tentativa 2/30"}
{"level":"info","time":"2025-05-24T12:51:33-03:00","message":"Conectando ao banco de dados PostgreSQL..."}
{"level":"warn","time":"2025-05-24T12:51:33-03:00","message":"Aguardando banco de dados... tentativa 3/30"}
{"level":"info","time":"2025-05-24T12:51:35-03:00","message":"Conectando ao banco de dados PostgreSQL..."}
{"level":"warn","time":"2025-05-24T12:51:35-03:00","message":"Aguardando banco de dados... tentativa 4/30"}
{"level":"info","time":"2025-05-24T12:51:37-03:00","message":"Conectando ao banco de dados PostgreSQL..."}
{"level":"warn","time":"2025-05-24T12:51:37-03:00","message":"Aguardando banco de dados... tentativa 5/30"}
{"level":"info","time":"2025-05-24T12:51:39-03:00","message":"Conectando ao banco de dados PostgreSQL..."}
{"level":"warn","time":"2025-05-24T12:51:39-03:00","message":"Aguardando banco de dados... tentativa 6/30"}
{"level":"info","time":"2025-05-24T12:51:41-03:00","message":"Conectando ao banco de dados PostgreSQL..."}
{"level":"warn","time":"2025-05-24T12:51:41-03:00","message":"Aguardando banco de dados... tentativa 7/30"}
{"level":"info","time":"2025-05-24T12:51:43-03:00","message":"Conectando ao banco de dados PostgreSQL..."}
{"level":"warn","time":"2025-05-24T12:51:43-03:00","message":"Aguardando banco de dados... tentativa 8/30"}
{"level":"info","time":"2025-05-24T12:51:45-03:00","message":"Conectando ao banco de dados PostgreSQL..."}
{"level":"warn","time":"2025-05-24T12:51:45-03:00","message":"Aguardando banco de dados... tentativa 9/30"}
{"level":"info","time":"2025-05-24T12:51:47-03:00","message":"Conectando ao banco de dados PostgreSQL..."}
{"level":"warn","time":"2025-05-24T12:51:47-03:00","message":"Aguardando banco de dados... tentativa 10/30"}
{"level":"info","time":"2025-05-24T12:51:49-03:00","message":"Conectando ao banco de dados PostgreSQL..."}
{"level":"warn","time":"2025-05-24T12:51:49-03:00","message":"Aguardando banco de dados... tentativa 11/30"}
{"level":"info","time":"2025-05-24T12:51:51-03:00","message":"Conectando ao banco de dados PostgreSQL..."}
{"level":"warn","time":"2025-05-24T12:51:51-03:00","message":"Aguardando banco de dados... tentativa 12/30"}
{"level":"info","time":"2025-05-24T12:51:53-03:00","message":"Conectando ao banco de dados PostgreSQL..."}
{"level":"warn","time":"2025-05-24T12:51:53-03:00","message":"Aguardando banco de dados... tentativa 13/30"}
{"level":"info","time":"2025-05-24T12:51:55-03:00","message":"Conectando ao banco de dados PostgreSQL..."}
{"level":"warn","time":"2025-05-24T12:51:55-03:00","message":"Aguardando banco de dados... tentativa 14/30"}
{"level":"info","time":"2025-05-24T12:51:57-03:00","message":"Conectando ao banco de dados PostgreSQL..."}
{"level":"warn","time":"2025-05-24T12:51:57-03:00","message":"Aguardando banco de dados... tentativa 15/30"}
{"level":"info","time":"2025-05-24T12:51:58-03:00","message":"Conectando ao banco de dados PostgreSQL..."}
{"level":"warn","time":"2025-05-24T12:51:58-03:00","message":"Aguardando banco de dados... tentativa 16/30"}
{"level":"info","time":"2025-05-24T12:52:00-03:00","message":"Conectando ao banco de dados PostgreSQL..."}
{"level":"warn","time":"2025-05-24T12:52:00-03:00","message":"Aguardando banco de dados... tentativa 17/30"}
{"level":"info","time":"2025-05-24T12:52:02-03:00","message":"Conectando ao banco de dados PostgreSQL..."}
{"level":"warn","time":"2025-05-24T12:52:02-03:00","message":"Aguardando banco de dados... tentativa 18/30"}
{"level":"info","time":"2025-05-24T12:52:04-03:00","message":"Conectando ao banco de dados PostgreSQL..."}
{"level":"warn","time":"2025-05-24T12:52:04-03:00","message":"Aguardando banco de dados... tentativa 19/30"}
{"level":"info","time":"2025-05-24T12:52:06-03:00","message":"Conectando ao banco de dados PostgreSQL..."}
{"level":"warn","time":"2025-05-24T12:52:06-03:00","message":"Aguardando banco de dados... tentativa 20/30"}
{"level":"info","time":"2025-05-24T12:52:08-03:00","message":"Conectando ao banco de dados PostgreSQL..."}
{"level":"warn","time":"2025-05-24T12:52:08-03:00","message":"Aguardando banco de dados... tentativa 21/30"}
{"level":"info","time":"2025-05-24T12:52:10-03:00","message":"Conectando ao banco de dados PostgreSQL..."}
{"level":"warn","time":"2025-05-24T12:52:10-03:00","message":"Aguardando banco de dados... tentativa 22/30"}
{"level":"info","time":"2025-05-24T12:52:12-03:00","message":"Conectando ao banco de dados PostgreSQL..."}
{"level":"warn","time":"2025-05-24T12:52:12-03:00","message":"Aguardando banco de dados... tentativa 23/30"}
{"level":"info","time":"2025-05-24T12:52:14-03:00","message":"Conectando ao banco de dados PostgreSQL..."}
{"level":"warn","time":"2025-05-24T12:52:14-03:00","message":"Aguardando banco de dados... tentativa 24/30"}
{"level":"info","time":"2025-05-24T12:52:16-03:00","message":"Conectando ao banco de dados PostgreSQL..."}
{"level":"warn","time":"2025-05-24T12:52:16-03:00","message":"Aguardando banco de dados... tentativa 25/30"}
{"level":"info","time":"2025-05-24T12:52:18-03:00","message":"Conectando ao banco de dados PostgreSQL..."}
{"level":"warn","time":"2025-05-24T12:52:18-03:00","message":"Aguardando banco de dados... tentativa 26/30"}
{"level":"info","time":"2025-05-24T12:52:20-03:00","message":"Conectando ao banco de dados PostgreSQL..."}
{"level":"warn","time":"2025-05-24T12:52:20-03:00","message":"Aguardando banco de dados... tentativa 27/30"}
{"level":"info","time":"2025-05-24T12:52:22-03:00","message":"Conectando ao banco de dados PostgreSQL..."}
{"level":"warn","time":"2025-05-24T12:52:22-03:00","message":"Aguardando banco de dados... tentativa 28/30"}
{"level":"info","time":"2025-05-24T12:52:24-03:00","message":"Conectando ao banco de dados PostgreSQL..."}
{"level":"warn","time":"2025-05-24T12:52:24-03:00","message":"Aguardando banco de dados... tentativa 29/30"}
{"level":"info","time":"2025-05-24T12:52:26-03:00","message":"Conectando ao banco de dados PostgreSQL..."}
{"level":"warn","time":"2025-05-24T12:52:26-03:00","message":"Aguardando banco de dados... tentativa 30/30"}
{"level":"fatal","time":"2025-05-24T12:52:27-03:00","message":"Tempo limite excedido aguardando o banco de dados"}
{"level":"info","time":"2025-05-24T12:52:28-03:00","message":"Iniciando o servidor da API Destack Transport"}
{"level":"info","time":"2025-05-24T12:52:28-03:00","message":"Conectando ao banco de dados PostgreSQL..."}
{"level":"warn","time":"2025-05-24T12:52:28-03:00","message":"Aguardando banco de dados... tentativa 1/30"}
{"level":"info","time":"2025-05-24T12:52:30-03:00","message":"Conectando ao banco de dados PostgreSQL..."}
{"level":"warn","time":"2025-05-24T12:52:30-03:00","message":"Aguardando banco de dados... tentativa 2/30"}
{"level":"info","time":"2025-05-24T12:52:32-03:00","message":"Conectando ao banco de dados PostgreSQL..."}
{"level":"warn","time":"2025-05-24T12:52:32-03:00","message":"Aguardando banco de dados... tentativa 3/30"}
{"level":"info","time":"2025-05-24T12:52:34-03:00","message":"Conectando ao banco de dados PostgreSQL..."}
{"level":"warn","time":"2025-05-24T12:52:34-03:00","message":"Aguardando banco de dados... tentativa 4/30"}
{"level":"info","time":"2025-05-24T12:52:36-03:00","message":"Conectando ao banco de dados PostgreSQL..."}
{"level":"warn","time":"2025-05-24T12:52:36-03:00","message":"Aguardando banco de dados... tentativa 5/30"}
{"level":"info","time":"2025-05-24T12:52:38-03:00","message":"Conectando ao banco de dados PostgreSQL..."}
{"level":"warn","time":"2025-05-24T12:52:38-03:00","message":"Aguardando banco de dados... tentativa 6/30"}
{"level":"info","time":"2025-05-24T12:52:40-03:00","message":"Conectando ao banco de dados PostgreSQL..."}
{"level":"warn","time":"2025-05-24T12:52:40-03:00","message":"Aguardando banco de dados... tentativa 7/30"}
{"level":"info","time":"2025-05-24T12:52:42-03:00","message":"Conectando ao banco de dados PostgreSQL..."}
{"level":"warn","time":"2025-05-24T12:52:42-03:00","message":"Aguardando banco de dados... tentativa 8/30"}
{"level":"info","time":"2025-05-24T12:52:44-03:00","message":"Conectando ao banco de dados PostgreSQL..."}
{"level":"warn","time":"2025-05-24T12:52:44-03:00","message":"Aguardando banco de dados... tentativa 9/30"}
{"level":"info","time":"2025-05-24T12:52:47-03:00","message":"Conectando ao banco de dados PostgreSQL..."}
{"level":"warn","time":"2025-05-24T12:52:47-03:00","message":"Aguardando banco de dados... tentativa 10/30"}
{"level":"info","time":"2025-05-24T12:52:49-03:00","message":"Conectando ao banco de dados PostgreSQL..."}
{"level":"warn","time":"2025-05-24T12:52:49-03:00","message":"Aguardando banco de dados... tentativa 11/30"}
{"level":"info","time":"2025-05-24T12:52:51-03:00","message":"Conectando ao banco de dados PostgreSQL..."}
{"level":"warn","time":"2025-05-24T12:52:51-03:00","message":"Aguardando banco de dados... tentativa 12/30"}
{"level":"info","time":"2025-05-24T12:52:53-03:00","message":"Conectando ao banco de dados PostgreSQL..."}
{"level":"warn","time":"2025-05-24T12:52:53-03:00","message":"Aguardando banco de dados... tentativa 13/30"}
{"level":"info","time":"2025-05-24T12:52:55-03:00","message":"Conectando ao banco de dados PostgreSQL..."}
{"level":"warn","time":"2025-05-24T12:52:55-03:00","message":"Aguardando banco de dados... tentativa 14/30"}
{"level":"info","time":"2025-05-24T12:52:56-03:00","message":"Conectando ao banco de dados PostgreSQL..."}
{"level":"warn","time":"2025-05-24T12:52:56-03:00","message":"Aguardando banco de dados... tentativa 15/30"}
{"level":"info","time":"2025-05-24T12:52:58-03:00","message":"Conectando ao banco de dados PostgreSQL..."}
{"level":"warn","time":"2025-05-24T12:52:58-03:00","message":"Aguardando banco de dados... tentativa 16/30"}
{"level":"info","time":"2025-05-24T12:53:00-03:00","message":"Conectando ao banco de dados PostgreSQL..."}
{"level":"warn","time":"2025-05-24T12:53:00-03:00","message":"Aguardando banco de dados... tentativa 17/30"}
{"level":"info","time":"2025-05-24T12:53:02-03:00","message":"Conectando ao banco de dados PostgreSQL..."}
{"level":"warn","time":"2025-05-24T12:53:02-03:00","message":"Aguardando banco de dados... tentativa 18/30"}
{"level":"info","time":"2025-05-24T12:53:04-03:00","message":"Conectando ao banco de dados PostgreSQL..."}
{"level":"warn","time":"2025-05-24T12:53:04-03:00","message":"Aguardando banco de dados... tentativa 19/30"}
{"level":"info","time":"2025-05-24T12:53:06-03:00","message":"Conectando ao banco de dados PostgreSQL..."}
{"level":"warn","time":"2025-05-24T12:53:06-03:00","message":"Aguardando banco de dados... tentativa 20/30"}
{"level":"info","time":"2025-05-24T12:53:08-03:00","message":"Conectando ao banco de dados PostgreSQL..."}
{"level":"warn","time":"2025-05-24T12:53:08-03:00","message":"Aguardando banco de dados... tentativa 21/30"}
{"level":"info","time":"2025-05-24T12:53:10-03:00","message":"Conectando ao banco de dados PostgreSQL..."}
{"level":"warn","time":"2025-05-24T12:53:11-03:00","message":"Aguardando banco de dados... tentativa 22/30"}
{"level":"info","time":"2025-05-24T12:53:13-03:00","message":"Conectando ao banco de dados PostgreSQL..."}
{"level":"warn","time":"2025-05-24T12:53:13-03:00","message":"Aguardando banco de dados... tentativa 23/30"}
{"level":"info","time":"2025-05-24T12:53:15-03:00","message":"Conectando ao banco de dados PostgreSQL..."}
{"level":"warn","time":"2025-05-24T12:53:15-03:00","message":"Aguardando banco de dados... tentativa 24/30"}
{"level":"info","time":"2025-05-24T12:53:17-03:00","message":"Conectando ao banco de dados PostgreSQL..."}
{"level":"warn","time":"2025-05-24T12:53:17-03:00","message":"Aguardando banco de dados... tentativa 25/30"}
{"level":"info","time":"2025-05-24T12:53:19-03:00","message":"Conectando ao banco de dados PostgreSQL..."}
{"level":"warn","time":"2025-05-24T12:53:19-03:00","message":"Aguardando banco de dados... tentativa 26/30"}
{"level":"info","time":"2025-05-24T12:53:21-03:00","message":"Conectando ao banco de dados PostgreSQL..."}
{"level":"warn","time":"2025-05-24T12:53:21-03:00","message":"Aguardando banco de dados... tentativa 27/30"}
{"level":"info","time":"2025-05-24T12:53:23-03:00","message":"Conectando ao banco de dados PostgreSQL..."}
{"level":"warn","time":"2025-05-24T12:53:23-03:00","message":"Aguardando banco de dados... tentativa 28/30"}
{"level":"info","time":"2025-05-24T12:53:25-03:00","message":"Conectando ao banco de dados PostgreSQL..."}
{"level":"warn","time":"2025-05-24T12:53:25-03:00","message":"Aguardando banco de dados... tentativa 29/30"}
{"level":"info","time":"2025-05-24T12:53:27-03:00","message":"Conectando ao banco de dados PostgreSQL..."}
{"level":"warn","time":"2025-05-24T12:53:27-03:00","message":"Aguardando banco de dados... tentativa 30/30"}
{"level":"fatal","time":"2025-05-24T12:53:29-03:00","message":"Tempo limite excedido aguardando o banco de dados"}
{"level":"info","time":"2025-05-24T12:53:31-03:00","message":"Iniciando o servidor da API Destack Transport"}
{"level":"info","time":"2025-05-24T12:53:31-03:00","message":"Conectando ao banco de dados PostgreSQL..."}
{"level":"warn","time":"2025-05-24T12:53:31-03:00","message":"Aguardando banco de dados... tentativa 1/30"}
{"level":"info","time":"2025-05-24T12:53:33-03:00","message":"Conectando ao banco de dados PostgreSQL..."}
{"level":"warn","time":"2025-05-24T12:53:33-03:00","message":"Aguardando banco de dados... tentativa 2/30"}
{"level":"info","time":"2025-05-24T12:53:35-03:00","message":"Conectando ao banco de dados PostgreSQL..."}
{"level":"warn","time":"2025-05-24T12:53:35-03:00","message":"Aguardando banco de dados... tentativa 3/30"}
{"level":"info","time":"2025-05-24T12:53:37-03:00","message":"Conectando ao banco de dados PostgreSQL..."}
{"level":"warn","time":"2025-05-24T12:53:37-03:00","message":"Aguardando banco de dados... tentativa 4/30"}
{"level":"info","time":"2025-05-24T12:53:39-03:00","message":"Conectando ao banco de dados PostgreSQL..."}
{"level":"warn","time":"2025-05-24T12:53:39-03:00","message":"Aguardando banco de dados... tentativa 5/30"}
{"level":"info","time":"2025-05-24T12:53:41-03:00","message":"Conectando ao banco de dados PostgreSQL..."}
{"level":"warn","time":"2025-05-24T12:53:41-03:00","message":"Aguardando banco de dados... tentativa 6/30"}
{"level":"info","time":"2025-05-24T12:53:43-03:00","message":"Conectando ao banco de dados PostgreSQL..."}
{"level":"warn","time":"2025-05-24T12:53:43-03:00","message":"Aguardando banco de dados... tentativa 7/30"}
{"level":"info","time":"2025-05-24T12:53:45-03:00","message":"Conectando ao banco de dados PostgreSQL..."}
{"level":"warn","time":"2025-05-24T12:53:45-03:00","message":"Aguardando banco de dados... tentativa 8/30"}
{"level":"info","time":"2025-05-24T12:53:47-03:00","message":"Conectando ao banco de dados PostgreSQL..."}
{"level":"warn","time":"2025-05-24T12:53:47-03:00","message":"Aguardando banco de dados... tentativa 9/30"}
{"level":"info","time":"2025-05-24T12:53:49-03:00","message":"Conectando ao banco de dados PostgreSQL..."}
{"level":"warn","time":"2025-05-24T12:53:49-03:00","message":"Aguardando banco de dados... tentativa 10/30"}
{"level":"info","time":"2025-05-24T12:53:51-03:00","message":"Conectando ao banco de dados PostgreSQL..."}
{"level":"warn","time":"2025-05-24T12:53:51-03:00","message":"Aguardando banco de dados... tentativa 11/30"}
{"level":"info","time":"2025-05-24T12:53:53-03:00","message":"Conectando ao banco de dados PostgreSQL..."}
{"level":"warn","time":"2025-05-24T12:53:53-03:00","message":"Aguardando banco de dados... tentativa 12/30"}
{"level":"info","time":"2025-05-24T12:53:54-03:00","message":"Conectando ao banco de dados PostgreSQL..."}
{"level":"warn","time":"2025-05-24T12:53:55-03:00","message":"Aguardando banco de dados... tentativa 13/30"}
{"level":"info","time":"2025-05-24T12:53:57-03:00","message":"Conectando ao banco de dados PostgreSQL..."}
{"level":"warn","time":"2025-05-24T12:53:57-03:00","message":"Aguardando banco de dados... tentativa 14/30"}
{"level":"info","time":"2025-05-24T12:53:59-03:00","message":"Conectando ao banco de dados PostgreSQL..."}
{"level":"warn","time":"2025-05-24T12:53:59-03:00","message":"Aguardando banco de dados... tentativa 15/30"}
{"level":"info","time":"2025-05-24T12:54:01-03:00","message":"Conectando ao banco de dados PostgreSQL..."}
{"level":"warn","time":"2025-05-24T12:54:01-03:00","message":"Aguardando banco de dados... tentativa 16/30"}
{"level":"info","time":"2025-05-24T12:54:03-03:00","message":"Conectando ao banco de dados PostgreSQL..."}
{"level":"warn","time":"2025-05-24T12:54:03-03:00","message":"Aguardando banco de dados... tentativa 17/30"}
{"level":"info","time":"2025-05-24T12:54:05-03:00","message":"Conectando ao banco de dados PostgreSQL..."}
{"level":"warn","time":"2025-05-24T12:54:05-03:00","message":"Aguardando banco de dados... tentativa 18/30"}
{"level":"info","time":"2025-05-24T12:54:07-03:00","message":"Conectando ao banco de dados PostgreSQL..."}
{"level":"warn","time":"2025-05-24T12:54:08-03:00","message":"Aguardando banco de dados... tentativa 19/30"}
{"level":"info","time":"2025-05-24T12:54:10-03:00","message":"Conectando ao banco de dados PostgreSQL..."}
{"level":"warn","time":"2025-05-24T12:54:10-03:00","message":"Aguardando banco de dados... tentativa 20/30"}
{"level":"info","time":"2025-05-24T12:54:12-03:00","message":"Conectando ao banco de dados PostgreSQL..."}
{"level":"warn","time":"2025-05-24T12:54:12-03:00","message":"Aguardando banco de dados... tentativa 21/30"}
{"level":"info","time":"2025-05-24T12:54:14-03:00","message":"Conectando ao banco de dados PostgreSQL..."}
{"level":"warn","time":"2025-05-24T12:54:14-03:00","message":"Aguardando banco de dados... tentativa 22/30"}
{"level":"info","time":"2025-05-24T12:54:16-03:00","message":"Conectando ao banco de dados PostgreSQL..."}
{"level":"warn","time":"2025-05-24T12:54:16-03:00","message":"Aguardando banco de dados... tentativa 23/30"}
{"level":"info","time":"2025-05-24T12:54:18-03:00","message":"Conectando ao banco de dados PostgreSQL..."}
{"level":"warn","time":"2025-05-24T12:54:18-03:00","message":"Aguardando banco de dados... tentativa 24/30"}
{"level":"info","time":"2025-05-24T12:54:21-03:00","message":"Conectando ao banco de dados PostgreSQL..."}
{"level":"warn","time":"2025-05-24T12:54:21-03:00","message":"Aguardando banco de dados... tentativa 25/30"}
{"level":"info","time":"2025-05-24T12:54:23-03:00","message":"Conectando ao banco de dados PostgreSQL..."}
{"level":"warn","time":"2025-05-24T12:54:23-03:00","message":"Aguardando banco de dados... tentativa 26/30"}
{"level":"info","time":"2025-05-24T12:54:25-03:00","message":"Conectando ao banco de dados PostgreSQL..."}
{"level":"warn","time":"2025-05-24T12:54:25-03:00","message":"Aguardando banco de dados... tentativa 27/30"}
{"level":"info","time":"2025-05-24T12:54:27-03:00","message":"Conectando ao banco de dados PostgreSQL..."}
{"level":"warn","time":"2025-05-24T12:54:27-03:00","message":"Aguardando banco de dados... tentativa 28/30"}
{"level":"info","time":"2025-05-24T12:54:29-03:00","message":"Conectando ao banco de dados PostgreSQL..."}
{"level":"warn","time":"2025-05-24T12:54:29-03:00","message":"Aguardando banco de dados... tentativa 29/30"}
{"level":"info","time":"2025-05-24T12:54:31-03:00","message":"Conectando ao banco de dados PostgreSQL..."}
{"level":"warn","time":"2025-05-24T12:54:31-03:00","message":"Aguardando banco de dados... tentativa 30/30"}
{"level":"fatal","time":"2025-05-24T12:54:34-03:00","message":"Tempo limite excedido aguardando o banco de dados"}
{"level":"info","time":"2025-05-24T12:54:38-03:00","message":"Iniciando o servidor da API Destack Transport"}
{"level":"info","time":"2025-05-24T12:54:38-03:00","message":"Conectando ao banco de dados PostgreSQL..."}
{"level":"warn","time":"2025-05-24T12:54:38-03:00","message":"Aguardando banco de dados... tentativa 1/30"}
{"level":"info","time":"2025-05-24T12:54:39-03:00","message":"Conectando ao banco de dados PostgreSQL..."}
{"level":"warn","time":"2025-05-24T12:54:39-03:00","message":"Aguardando banco de dados... tentativa 2/30"}
{"level":"info","time":"2025-05-24T12:54:41-03:00","message":"Conectando ao banco de dados PostgreSQL..."}
{"level":"warn","time":"2025-05-24T12:54:41-03:00","message":"Aguardando banco de dados... tentativa 3/30"}
{"level":"info","time":"2025-05-24T12:54:43-03:00","message":"Conectando ao banco de dados PostgreSQL..."}
{"level":"warn","time":"2025-05-24T12:54:43-03:00","message":"Aguardando banco de dados... tentativa 4/30"}
{"level":"info","time":"2025-05-24T12:54:45-03:00","message":"Conectando ao banco de dados PostgreSQL..."}
{"level":"warn","time":"2025-05-24T12:54:45-03:00","message":"Aguardando banco de dados... tentativa 5/30"}
{"level":"info","time":"2025-05-24T12:54:47-03:00","message":"Conectando ao banco de dados PostgreSQL..."}
{"level":"warn","time":"2025-05-24T12:54:47-03:00","message":"Aguardando banco de dados... tentativa 6/30"}
{"level":"info","time":"2025-05-24T12:54:50-03:00","message":"Conectando ao banco de dados PostgreSQL..."}
{"level":"warn","time":"2025-05-24T12:54:50-03:00","message":"Aguardando banco de dados... tentativa 7/30"}
{"level":"info","time":"2025-05-24T12:54:52-03:00","message":"Conectando ao banco de dados PostgreSQL..."}
{"level":"warn","time":"2025-05-24T12:54:52-03:00","message":"Aguardando banco de dados... tentativa 8/30"}
{"level":"info","time":"2025-05-24T12:54:53-03:00","message":"Conectando ao banco de dados PostgreSQL..."}
{"level":"warn","time":"2025-05-24T12:54:53-03:00","message":"Aguardando banco de dados... tentativa 9/30"}
{"level":"info","time":"2025-05-24T12:54:55-03:00","message":"Conectando ao banco de dados PostgreSQL..."}
{"level":"warn","time":"2025-05-24T12:54:55-03:00","message":"Aguardando banco de dados... tentativa 10/30"}
